
Showing logs for build [32mexplore-jenkinsx-roarv2-master-1[0m stage [32mfrom-build-pack[0m and container [32mstep-credential-initializer-9t4fw[0m
{"level":"warn","ts":1574249658.5244465,"logger":"fallback-logger","caller":"logging/config.go:69","msg":"Fetch GitHub commit ID from kodata failed: \"ref: refs/heads/master\" is not a valid GitHub commit ID"}
{"level":"info","ts":1574249658.5248954,"logger":"fallback-logger","caller":"creds-init/main.go:40","msg":"Credentials initialized."}

Showing logs for build [32mexplore-jenkinsx-roarv2-master-1[0m stage [32mfrom-build-pack[0m and container [32mstep-working-dir-initializer-jn4fb[0m
{"level":"warn","ts":1574249662.1132016,"logger":"fallback-logger","caller":"logging/config.go:69","msg":"Fetch GitHub commit ID from kodata failed: open /var/run/ko/HEAD: no such file or directory"}
{"level":"info","ts":1574249662.1199176,"logger":"fallback-logger","caller":"bash/main.go:65","msg":"Successfully executed command \"mkdir -p /workspace/source\""}

Showing logs for build [32mexplore-jenkinsx-roarv2-master-1[0m stage [32mfrom-build-pack[0m and container [32mstep-place-tools[0m

Showing logs for build [32mexplore-jenkinsx-roarv2-master-1[0m stage [32mfrom-build-pack[0m and container [32mstep-git-source-explore-jenkinsx-roarv2-master-xvjmd[0m
{"level":"warn","ts":1574249758.8242435,"logger":"fallback-logger","caller":"logging/config.go:69","msg":"Fetch GitHub commit ID from kodata failed: \"ref: refs/heads/master\" is not a valid GitHub commit ID"}
{"level":"info","ts":1574249759.1967802,"logger":"fallback-logger","caller":"git/git.go:102","msg":"Successfully cloned https://github.com/explore-jenkinsx/roarv2.git @ v0.0.1 in path /workspace/source"}

Showing logs for build [32mexplore-jenkinsx-roarv2-master-1[0m stage [32mfrom-build-pack[0m and container [32mstep-git-merge[0m
Using SHAs from PULL_REFS=master:b0fe306f902c9916bd7852e9dc16a1b8ba64eac2
WARNING: no SHAs to merge, falling back to initial cloned commit

Showing logs for build [32mexplore-jenkinsx-roarv2-master-1[0m stage [32mfrom-build-pack[0m and container [32mstep-setup-jx-git-credentials[0m
Generated Git credentials file /workspace/xdg_config/git/credentials

Showing logs for build [32mexplore-jenkinsx-roarv2-master-1[0m stage [32mfrom-build-pack[0m and container [32mstep-build-gradle-build[0m
Picked up _JAVA_OPTIONS: -XX:+UnlockExperimentalVMOptions -XX:+UseCGroupMemoryLimitForHeap -Dsun.zip.disableMemoryMapping=true -XX:+UseParallelGC -XX:MinHeapFreeRatio=5 -XX:MaxHeapFreeRatio=10 -XX:GCTimeRatio=4 -XX:AdaptiveSizePolicyWeight=90 -Xms10m -Xmx192m
OpenJDK 64-Bit Server VM warning: If the number of processors is expected to increase from one, then you should configure the number of parallel GC threads appropriately using -XX:ParallelGCThreads=N
Starting a Gradle Daemon (subsequent builds will be faster)
Download https://plugins.gradle.org/m2/org/akhikhl/gretty/org.akhikhl.gretty.gradle.plugin/2.0.0/org.akhikhl.gretty.gradle.plugin-2.0.0.pom
Download https://plugins.gradle.org/m2/gradle/plugin/org/akhikhl/gretty/gretty/2.0.0/gretty-2.0.0.pom
Download https://plugins.gradle.org/m2/org/akhikhl/gretty/gretty-core/2.0.0/gretty-core-2.0.0.pom
Download https://plugins.gradle.org/m2/org/eclipse/jetty/jetty-util/8.1.8.v20121106/jetty-util-8.1.8.v20121106.pom
Download https://plugins.gradle.org/m2/org/eclipse/jetty/jetty-project/8.1.8.v20121106/jetty-project-8.1.8.v20121106.pom
Download https://plugins.gradle.org/m2/org/eclipse/jetty/jetty-parent/20/jetty-parent-20.pom
Download https://plugins.gradle.org/m2/org/springframework/boot/spring-boot-loader-tools/1.5.4.RELEASE/spring-boot-loader-tools-1.5.4.RELEASE.pom
Download https://plugins.gradle.org/m2/org/springframework/boot/spring-boot-tools/1.5.4.RELEASE/spring-boot-tools-1.5.4.RELEASE.pom
Download https://plugins.gradle.org/m2/org/springframework/boot/spring-boot-parent/1.5.4.RELEASE/spring-boot-parent-1.5.4.RELEASE.pom
Download https://plugins.gradle.org/m2/org/springframework/boot/spring-boot-dependencies/1.5.4.RELEASE/spring-boot-dependencies-1.5.4.RELEASE.pom
Download https://plugins.gradle.org/m2/com/fasterxml/jackson/jackson-bom/2.8.8/jackson-bom-2.8.8.pom
Download https://plugins.gradle.org/m2/com/fasterxml/jackson/jackson-parent/2.8/jackson-parent-2.8.pom
Download https://plugins.gradle.org/m2/com/fasterxml/oss-parent/27/oss-parent-27.pom
Download https://plugins.gradle.org/m2/org/apache/logging/log4j/log4j-bom/2.7/log4j-bom-2.7.pom
Download https://plugins.gradle.org/m2/org/apache/apache/9/apache-9.pom
Download https://plugins.gradle.org/m2/org/springframework/spring-framework-bom/4.3.9.RELEASE/spring-framework-bom-4.3.9.RELEASE.pom
Download https://plugins.gradle.org/m2/org/springframework/data/spring-data-releasetrain/Ingalls-SR4/spring-data-releasetrain-Ingalls-SR4.pom
Download https://plugins.gradle.org/m2/org/springframework/data/build/spring-data-build/1.9.4.RELEASE/spring-data-build-1.9.4.RELEASE.pom
Download https://plugins.gradle.org/m2/org/springframework/integration/spring-integration-bom/4.3.10.RELEASE/spring-integration-bom-4.3.10.RELEASE.pom
Download https://plugins.gradle.org/m2/org/springframework/security/spring-security-bom/4.2.3.RELEASE/spring-security-bom-4.2.3.RELEASE.pom
Download https://plugins.gradle.org/m2/org/codehaus/groovy/groovy/2.4.11/groovy-2.4.11.pom
Download https://plugins.gradle.org/m2/commons-cli/commons-cli/1.2/commons-cli-1.2.pom
Download https://plugins.gradle.org/m2/org/apache/commons/commons-parent/11/commons-parent-11.pom
Download https://plugins.gradle.org/m2/org/apache/apache/4/apache-4.pom
Download https://plugins.gradle.org/m2/commons-configuration/commons-configuration/1.10/commons-configuration-1.10.pom
Download https://plugins.gradle.org/m2/org/apache/commons/commons-parent/32/commons-parent-32.pom
Download https://plugins.gradle.org/m2/org/apache/apache/13/apache-13.pom
Download https://plugins.gradle.org/m2/commons-io/commons-io/2.4/commons-io-2.4.pom
Download https://plugins.gradle.org/m2/org/apache/commons/commons-parent/25/commons-parent-25.pom
Download https://plugins.gradle.org/m2/org/apache/commons/commons-lang3/3.3.2/commons-lang3-3.3.2.pom
Download https://plugins.gradle.org/m2/org/apache/commons/commons-parent/33/commons-parent-33.pom
Download https://plugins.gradle.org/m2/org/apache/servicemix/bundles/org.apache.servicemix.bundles.bcprov-jdk16/1.46_3/org.apache.servicemix.bundles.bcprov-jdk16-1.46_3.pom
Download https://plugins.gradle.org/m2/org/apache/servicemix/bundles/bundles-pom/8/bundles-pom-8.pom
Download https://plugins.gradle.org/m2/org/apache/servicemix/servicemix-pom/5/servicemix-pom-5.pom
Download https://plugins.gradle.org/m2/org/apache/apache/7/apache-7.pom
Download https://plugins.gradle.org/m2/org/springframework/boot/spring-boot-devtools/1.3.3.RELEASE/spring-boot-devtools-1.3.3.RELEASE.pom
Download https://plugins.gradle.org/m2/org/springframework/boot/spring-boot-parent/1.3.3.RELEASE/spring-boot-parent-1.3.3.RELEASE.pom
Download https://plugins.gradle.org/m2/org/springframework/boot/spring-boot-dependencies/1.3.3.RELEASE/spring-boot-dependencies-1.3.3.RELEASE.pom
Download https://plugins.gradle.org/m2/org/springframework/spring-framework-bom/4.2.5.RELEASE/spring-framework-bom-4.2.5.RELEASE.pom
Download https://plugins.gradle.org/m2/org/springframework/data/spring-data-releasetrain/Gosling-SR4/spring-data-releasetrain-Gosling-SR4.pom
Download https://plugins.gradle.org/m2/org/springframework/data/build/spring-data-build/1.7.4.RELEASE/spring-data-build-1.7.4.RELEASE.pom
Download https://plugins.gradle.org/m2/org/springframework/integration/spring-integration-bom/4.2.5.RELEASE/spring-integration-bom-4.2.5.RELEASE.pom
Download https://plugins.gradle.org/m2/org/springframework/security/spring-security-bom/4.0.3.RELEASE/spring-security-bom-4.0.3.RELEASE.pom
Download https://plugins.gradle.org/m2/org/codehaus/groovy/groovy-json/2.4.11/groovy-json-2.4.11.pom
Download https://plugins.gradle.org/m2/org/springframework/spring-core/4.3.9.RELEASE/spring-core-4.3.9.RELEASE.pom
Download https://plugins.gradle.org/m2/commons-lang/commons-lang/2.6/commons-lang-2.6.pom
Download https://plugins.gradle.org/m2/org/apache/commons/commons-parent/17/commons-parent-17.pom
Download https://plugins.gradle.org/m2/commons-logging/commons-logging/1.1.1/commons-logging-1.1.1.pom
Download https://plugins.gradle.org/m2/org/apache/commons/commons-parent/5/commons-parent-5.pom
Download https://plugins.gradle.org/m2/org/springframework/boot/spring-boot/1.3.3.RELEASE/spring-boot-1.3.3.RELEASE.pom
Download https://plugins.gradle.org/m2/org/springframework/boot/spring-boot-autoconfigure/1.3.3.RELEASE/spring-boot-autoconfigure-1.3.3.RELEASE.pom
Download https://plugins.gradle.org/m2/org/springframework/spring-context/4.2.5.RELEASE/spring-context-4.2.5.RELEASE.pom
Download https://plugins.gradle.org/m2/org/springframework/spring-aop/4.2.5.RELEASE/spring-aop-4.2.5.RELEASE.pom
Download https://plugins.gradle.org/m2/org/springframework/spring-expression/4.2.5.RELEASE/spring-expression-4.2.5.RELEASE.pom
Download https://plugins.gradle.org/m2/org/springframework/spring-beans/4.2.5.RELEASE/spring-beans-4.2.5.RELEASE.pom
Download https://plugins.gradle.org/m2/aopalliance/aopalliance/1.0/aopalliance-1.0.pom
Download https://plugins.gradle.org/m2/commons-logging/commons-logging/1.2/commons-logging-1.2.pom
Download https://plugins.gradle.org/m2/org/apache/commons/commons-parent/34/commons-parent-34.pom
Download https://plugins.gradle.org/m2/gradle/plugin/org/akhikhl/gretty/gretty/2.0.0/gretty-2.0.0.jar
Download https://plugins.gradle.org/m2/org/springframework/boot/spring-boot-loader-tools/1.5.4.RELEASE/spring-boot-loader-tools-1.5.4.RELEASE.jar
Download https://plugins.gradle.org/m2/org/eclipse/jetty/jetty-util/8.1.8.v20121106/jetty-util-8.1.8.v20121106.jar
Download https://plugins.gradle.org/m2/org/codehaus/groovy/groovy-json/2.4.11/groovy-json-2.4.11.jar
Download https://plugins.gradle.org/m2/org/codehaus/groovy/groovy/2.4.11/groovy-2.4.11.jar
Download https://plugins.gradle.org/m2/commons-cli/commons-cli/1.2/commons-cli-1.2.jar
Download https://plugins.gradle.org/m2/commons-configuration/commons-configuration/1.10/commons-configuration-1.10.jar
Download https://plugins.gradle.org/m2/commons-io/commons-io/2.4/commons-io-2.4.jar
Download https://plugins.gradle.org/m2/org/apache/commons/commons-lang3/3.3.2/commons-lang3-3.3.2.jar
Download https://plugins.gradle.org/m2/org/apache/servicemix/bundles/org.apache.servicemix.bundles.bcprov-jdk16/1.46_3/org.apache.servicemix.bundles.bcprov-jdk16-1.46_3.jar
Download https://plugins.gradle.org/m2/org/springframework/boot/spring-boot-devtools/1.3.3.RELEASE/spring-boot-devtools-1.3.3.RELEASE.jar
Download https://plugins.gradle.org/m2/org/springframework/boot/spring-boot-autoconfigure/1.3.3.RELEASE/spring-boot-autoconfigure-1.3.3.RELEASE.jar
Download https://plugins.gradle.org/m2/org/springframework/boot/spring-boot/1.3.3.RELEASE/spring-boot-1.3.3.RELEASE.jar
Download https://plugins.gradle.org/m2/org/springframework/spring-context/4.2.5.RELEASE/spring-context-4.2.5.RELEASE.jar
Download https://plugins.gradle.org/m2/org/springframework/spring-aop/4.2.5.RELEASE/spring-aop-4.2.5.RELEASE.jar
Download https://plugins.gradle.org/m2/org/springframework/spring-beans/4.2.5.RELEASE/spring-beans-4.2.5.RELEASE.jar
Download https://plugins.gradle.org/m2/org/springframework/spring-expression/4.2.5.RELEASE/spring-expression-4.2.5.RELEASE.jar
Download https://plugins.gradle.org/m2/org/springframework/spring-core/4.3.9.RELEASE/spring-core-4.3.9.RELEASE.jar
Download https://plugins.gradle.org/m2/commons-lang/commons-lang/2.6/commons-lang-2.6.jar
Download https://plugins.gradle.org/m2/commons-logging/commons-logging/1.2/commons-logging-1.2.jar
Download https://plugins.gradle.org/m2/aopalliance/aopalliance/1.0/aopalliance-1.0.jar
Download https://plugins.gradle.org/m2/org/akhikhl/gretty/gretty-core/2.0.0/gretty-core-2.0.0.jar
:api:clean
:dataaccess:clean UP-TO-DATE
:util:clean UP-TO-DATE
:web:clean UP-TO-DATE
:util:compileJava
Download https://repo.maven.apache.org/maven2/mysql/mysql-connector-java/5.1.38/mysql-connector-java-5.1.38.pom
Download https://repo.maven.apache.org/maven2/com/sun/jersey/jersey-server/1.19/jersey-server-1.19.pom
Download https://repo.maven.apache.org/maven2/com/sun/jersey/jersey-project/1.19/jersey-project-1.19.pom
Download https://repo.maven.apache.org/maven2/net/java/jvnet-parent/4/jvnet-parent-4.pom
Download https://repo.maven.apache.org/maven2/com/sun/jersey/jersey-core/1.19/jersey-core-1.19.pom
Download https://repo.maven.apache.org/maven2/com/sun/jersey/jersey-client/1.19/jersey-client-1.19.pom
Download https://repo.maven.apache.org/maven2/com/sun/jersey/jersey-servlet/1.19/jersey-servlet-1.19.pom
Download https://repo.maven.apache.org/maven2/com/sun/jersey/jersey-json/1.19/jersey-json-1.19.pom
Download https://repo.maven.apache.org/maven2/com/fasterxml/jackson/core/jackson-core/2.6.3/jackson-core-2.6.3.pom
Download https://repo.maven.apache.org/maven2/com/fasterxml/jackson/jackson-parent/2.6.1/jackson-parent-2.6.1.pom
Download https://repo.maven.apache.org/maven2/com/fasterxml/oss-parent/23/oss-parent-23.pom
Download https://repo.maven.apache.org/maven2/com/fasterxml/jackson/core/jackson-databind/2.6.3/jackson-databind-2.6.3.pom
Download https://repo.maven.apache.org/maven2/com/fasterxml/jackson/core/jackson-annotations/2.6.3/jackson-annotations-2.6.3.pom
Download https://repo.maven.apache.org/maven2/com/fasterxml/jackson/jaxrs/jackson-jaxrs-json-provider/2.6.3/jackson-jaxrs-json-provider-2.6.3.pom
Download https://repo.maven.apache.org/maven2/com/fasterxml/jackson/jaxrs/jackson-jaxrs-providers/2.6.3/jackson-jaxrs-providers-2.6.3.pom
Download https://repo.maven.apache.org/maven2/com/fasterxml/jackson/jaxrs/jackson-jaxrs-base/2.6.3/jackson-jaxrs-base-2.6.3.pom
Download https://repo.maven.apache.org/maven2/org/owasp/esapi/esapi/2.0.1/esapi-2.0.1.pom
Download https://repo.maven.apache.org/maven2/org/sonatype/oss/oss-parent/5/oss-parent-5.pom
Download https://repo.maven.apache.org/maven2/javax/ws/rs/jsr311-api/1.1.1/jsr311-api-1.1.1.pom
Download https://repo.maven.apache.org/maven2/org/codehaus/jettison/jettison/1.1/jettison-1.1.pom
Download https://repo.maven.apache.org/maven2/org/codehaus/jackson/jackson-core-asl/1.9.2/jackson-core-asl-1.9.2.pom
Download https://repo.maven.apache.org/maven2/org/codehaus/jackson/jackson-mapper-asl/1.9.2/jackson-mapper-asl-1.9.2.pom
Download https://repo.maven.apache.org/maven2/org/codehaus/jackson/jackson-jaxrs/1.9.2/jackson-jaxrs-1.9.2.pom
Download https://repo.maven.apache.org/maven2/org/codehaus/jackson/jackson-xc/1.9.2/jackson-xc-1.9.2.pom
Download https://repo.maven.apache.org/maven2/com/sun/xml/bind/jaxb-impl/2.2.3-1/jaxb-impl-2.2.3-1.pom
Download https://repo.maven.apache.org/maven2/com/fasterxml/jackson/module/jackson-module-jaxb-annotations/2.6.3/jackson-module-jaxb-annotations-2.6.3.pom
Download https://repo.maven.apache.org/maven2/commons-configuration/commons-configuration/1.5/commons-configuration-1.5.pom
Download https://repo.maven.apache.org/maven2/commons-fileupload/commons-fileupload/1.2/commons-fileupload-1.2.pom
Download https://repo.maven.apache.org/maven2/org/apache/commons/commons-parent/1/commons-parent-1.pom
Download https://repo.maven.apache.org/maven2/org/apache/apache/3/apache-3.pom
Download https://repo.maven.apache.org/maven2/commons-collections/commons-collections/3.2/commons-collections-3.2.pom
Download https://repo.maven.apache.org/maven2/log4j/log4j/1.2.16/log4j-1.2.16.pom
Download https://repo.maven.apache.org/maven2/xom/xom/1.1/xom-1.1.pom
Download https://repo.maven.apache.org/maven2/org/beanshell/bsh-core/2.0b4/bsh-core-2.0b4.pom
Download https://repo.maven.apache.org/maven2/org/beanshell/beanshell/2.0b4/beanshell-2.0b4.pom
Download https://repo.maven.apache.org/maven2/org/owasp/antisamy/antisamy/1.4.3/antisamy-1.4.3.pom
Download https://repo.maven.apache.org/maven2/org/owasp/antisamy/antisamy-project/1.4.3/antisamy-project-1.4.3.pom
Download https://repo.maven.apache.org/maven2/commons-beanutils/commons-beanutils-core/1.7.0/commons-beanutils-core-1.7.0.pom
Download https://repo.maven.apache.org/maven2/javax/xml/bind/jaxb-api/2.2.2/jaxb-api-2.2.2.pom
Download https://repo.maven.apache.org/maven2/commons-lang/commons-lang/2.3/commons-lang-2.3.pom
Download https://repo.maven.apache.org/maven2/commons-digester/commons-digester/1.8/commons-digester-1.8.pom
Download https://repo.maven.apache.org/maven2/commons-logging/commons-logging/1.1/commons-logging-1.1.pom
Download https://repo.maven.apache.org/maven2/xerces/xmlParserAPIs/2.6.2/xmlParserAPIs-2.6.2.pom
Download https://repo.maven.apache.org/maven2/xalan/xalan/2.7.0/xalan-2.7.0.pom
Download https://repo.maven.apache.org/maven2/jaxen/jaxen/1.1-beta-8/jaxen-1.1-beta-8.pom
Download https://repo.maven.apache.org/maven2/xerces/xercesImpl/2.6.2/xercesImpl-2.6.2.pom
Download https://repo.maven.apache.org/maven2/org/apache/xmlgraphics/batik-css/1.7/batik-css-1.7.pom
Download https://repo.maven.apache.org/maven2/commons-httpclient/commons-httpclient/3.1/commons-httpclient-3.1.pom
Download https://repo.maven.apache.org/maven2/net/sourceforge/nekohtml/nekohtml/1.9.12/nekohtml-1.9.12.pom
Download https://repo.maven.apache.org/maven2/javax/xml/stream/stax-api/1.0-2/stax-api-1.0-2.pom
Download https://repo.maven.apache.org/maven2/javax/activation/activation/1.1/activation-1.1.pom
Download https://repo.maven.apache.org/maven2/commons-beanutils/commons-beanutils/1.7.0/commons-beanutils-1.7.0.pom
Download https://repo.maven.apache.org/maven2/xml-apis/xml-apis/2.0.2/xml-apis-2.0.2.pom
POM relocation to an other version number is not fully supported in Gradle : xml-apis:xml-apis:2.0.2 relocated to xml-apis:xml-apis:1.0.b2.
Please update your dependency to directly use the correct version 'xml-apis:xml-apis:1.0.b2'.
Resolution will only pick dependencies of the relocated element.  Artifacts and other metadata will be ignored.
Download https://repo.maven.apache.org/maven2/xml-apis/xml-apis/1.0.b2/xml-apis-1.0.b2.pom
Download https://repo.maven.apache.org/maven2/dom4j/dom4j/1.6.1/dom4j-1.6.1.pom
Download https://repo.maven.apache.org/maven2/jdom/jdom/1.0/jdom-1.0.pom
Download https://repo.maven.apache.org/maven2/org/apache/xmlgraphics/batik-ext/1.7/batik-ext-1.7.pom
Download https://repo.maven.apache.org/maven2/xml-apis/xml-apis-ext/1.3.04/xml-apis-ext-1.3.04.pom
Download https://repo.maven.apache.org/maven2/org/apache/xmlgraphics/batik-util/1.7/batik-util-1.7.pom
Download https://repo.maven.apache.org/maven2/commons-codec/commons-codec/1.2/commons-codec-1.2.pom
Download https://repo.maven.apache.org/maven2/logkit/logkit/1.0.1/logkit-1.0.1.pom
Download https://repo.maven.apache.org/maven2/javax/servlet/servlet-api/2.3/servlet-api-2.3.pom
Download https://repo.maven.apache.org/maven2/avalon-framework/avalon-framework/4.1.3/avalon-framework-4.1.3.pom
Download https://repo.maven.apache.org/maven2/xerces/xercesImpl/2.8.1/xercesImpl-2.8.1.pom
Download https://repo.maven.apache.org/maven2/mysql/mysql-connector-java/5.1.38/mysql-connector-java-5.1.38.jar
Download https://repo.maven.apache.org/maven2/com/sun/jersey/jersey-server/1.19/jersey-server-1.19.jar
Download https://repo.maven.apache.org/maven2/com/sun/jersey/jersey-client/1.19/jersey-client-1.19.jar
Download https://repo.maven.apache.org/maven2/com/sun/jersey/jersey-json/1.19/jersey-json-1.19.jar
Download https://repo.maven.apache.org/maven2/com/sun/jersey/jersey-core/1.19/jersey-core-1.19.jar
Download https://repo.maven.apache.org/maven2/javax/ws/rs/jsr311-api/1.1.1/jsr311-api-1.1.1.jar
Download https://repo.maven.apache.org/maven2/com/fasterxml/jackson/jaxrs/jackson-jaxrs-json-provider/2.6.3/jackson-jaxrs-json-provider-2.6.3.jar
Download https://repo.maven.apache.org/maven2/com/fasterxml/jackson/jaxrs/jackson-jaxrs-base/2.6.3/jackson-jaxrs-base-2.6.3.jar
Download https://repo.maven.apache.org/maven2/com/fasterxml/jackson/module/jackson-module-jaxb-annotations/2.6.3/jackson-module-jaxb-annotations-2.6.3.jar
Download https://repo.maven.apache.org/maven2/com/fasterxml/jackson/core/jackson-databind/2.6.3/jackson-databind-2.6.3.jar
Download https://repo.maven.apache.org/maven2/com/fasterxml/jackson/core/jackson-core/2.6.3/jackson-core-2.6.3.jar
Download https://repo.maven.apache.org/maven2/com/fasterxml/jackson/core/jackson-annotations/2.6.3/jackson-annotations-2.6.3.jar
Download https://repo.maven.apache.org/maven2/org/owasp/esapi/esapi/2.0.1/esapi-2.0.1.jar
Download https://repo.maven.apache.org/maven2/org/codehaus/jettison/jettison/1.1/jettison-1.1.jar
Download https://repo.maven.apache.org/maven2/com/sun/xml/bind/jaxb-impl/2.2.3-1/jaxb-impl-2.2.3-1.jar
Download https://repo.maven.apache.org/maven2/org/codehaus/jackson/jackson-jaxrs/1.9.2/jackson-jaxrs-1.9.2.jar
Download https://repo.maven.apache.org/maven2/org/codehaus/jackson/jackson-xc/1.9.2/jackson-xc-1.9.2.jar
Download https://repo.maven.apache.org/maven2/org/codehaus/jackson/jackson-mapper-asl/1.9.2/jackson-mapper-asl-1.9.2.jar
Download https://repo.maven.apache.org/maven2/org/codehaus/jackson/jackson-core-asl/1.9.2/jackson-core-asl-1.9.2.jar
Download https://repo.maven.apache.org/maven2/commons-configuration/commons-configuration/1.5/commons-configuration-1.5.jar
Download https://repo.maven.apache.org/maven2/commons-beanutils/commons-beanutils-core/1.7.0/commons-beanutils-core-1.7.0.jar
Download https://repo.maven.apache.org/maven2/commons-fileupload/commons-fileupload/1.2/commons-fileupload-1.2.jar
Download https://repo.maven.apache.org/maven2/commons-collections/commons-collections/3.2/commons-collections-3.2.jar
Download https://repo.maven.apache.org/maven2/commons-digester/commons-digester/1.8/commons-digester-1.8.jar
Download https://repo.maven.apache.org/maven2/org/owasp/antisamy/antisamy/1.4.3/antisamy-1.4.3.jar
Download https://repo.maven.apache.org/maven2/commons-httpclient/commons-httpclient/3.1/commons-httpclient-3.1.jar
Download https://repo.maven.apache.org/maven2/commons-beanutils/commons-beanutils/1.7.0/commons-beanutils-1.7.0.jar
Download https://repo.maven.apache.org/maven2/commons-logging/commons-logging/1.1/commons-logging-1.1.jar
Download https://repo.maven.apache.org/maven2/log4j/log4j/1.2.16/log4j-1.2.16.jar
Download https://repo.maven.apache.org/maven2/jaxen/jaxen/1.1-beta-8/jaxen-1.1-beta-8.jar
Download https://repo.maven.apache.org/maven2/xom/xom/1.1/xom-1.1.jar
Download https://repo.maven.apache.org/maven2/org/beanshell/bsh-core/2.0b4/bsh-core-2.0b4.jar
Download https://repo.maven.apache.org/maven2/javax/xml/bind/jaxb-api/2.2.2/jaxb-api-2.2.2.jar
Download https://repo.maven.apache.org/maven2/commons-lang/commons-lang/2.3/commons-lang-2.3.jar
Download https://repo.maven.apache.org/maven2/xerces/xmlParserAPIs/2.6.2/xmlParserAPIs-2.6.2.jar
Download https://repo.maven.apache.org/maven2/net/sourceforge/nekohtml/nekohtml/1.9.12/nekohtml-1.9.12.jar
Download https://repo.maven.apache.org/maven2/xerces/xercesImpl/2.8.1/xercesImpl-2.8.1.jar
Download https://repo.maven.apache.org/maven2/xalan/xalan/2.7.0/xalan-2.7.0.jar
Download https://repo.maven.apache.org/maven2/org/apache/xmlgraphics/batik-css/1.7/batik-css-1.7.jar
Download https://repo.maven.apache.org/maven2/javax/xml/stream/stax-api/1.0-2/stax-api-1.0-2.jar
Download https://repo.maven.apache.org/maven2/javax/activation/activation/1.1/activation-1.1.jar
Download https://repo.maven.apache.org/maven2/org/apache/xmlgraphics/batik-ext/1.7/batik-ext-1.7.jar
Download https://repo.maven.apache.org/maven2/dom4j/dom4j/1.6.1/dom4j-1.6.1.jar
Download https://repo.maven.apache.org/maven2/jdom/jdom/1.0/jdom-1.0.jar
Download https://repo.maven.apache.org/maven2/org/apache/xmlgraphics/batik-util/1.7/batik-util-1.7.jar
Download https://repo.maven.apache.org/maven2/xml-apis/xml-apis-ext/1.3.04/xml-apis-ext-1.3.04.jar
Download https://repo.maven.apache.org/maven2/commons-codec/commons-codec/1.2/commons-codec-1.2.jar
Download https://repo.maven.apache.org/maven2/logkit/logkit/1.0.1/logkit-1.0.1.jar
Download https://repo.maven.apache.org/maven2/avalon-framework/avalon-framework/4.1.3/avalon-framework-4.1.3.jar
Download https://repo.maven.apache.org/maven2/javax/servlet/servlet-api/2.3/servlet-api-2.3.jar
Download https://repo.maven.apache.org/maven2/com/sun/jersey/jersey-servlet/1.19/jersey-servlet-1.19.jar
warning: [options] bootstrap class path not set in conjunction with -source 1.7
1 warning
:util:processResources NO-SOURCE
:util:classes
:util:jar
warning: [options] bootstrap class path not set in conjunction with -source 1.7
1 warning
:dataaccess:compileJava
:dataaccess:processResources NO-SOURCE
:dataaccess:classes
:dataaccess:jar
warning: [options] bootstrap class path not set in conjunction with -source 1.7
:api:compileJava
:api:processResources NO-SOURCE
:api:classes
1 warning
:api:jar
:api:assemble
:dataaccess:compileTestJava NO-SOURCE
:dataaccess:processTestResources NO-SOURCE
:dataaccess:testClasses UP-TO-DATE
:dataaccess:testJar
:api:compileTestJava
Download https://repo.maven.apache.org/maven2/org/jacoco/org.jacoco.agent/maven-metadata.xml
Download https://repo.maven.apache.org/maven2/org/jacoco/org.jacoco.agent/0.7.4.201502262128/org.jacoco.agent-0.7.4.201502262128.pom
Download https://repo.maven.apache.org/maven2/org/jacoco/org.jacoco.build/0.7.4.201502262128/org.jacoco.build-0.7.4.201502262128.pom
Download https://repo.maven.apache.org/maven2/junit/junit/4.11/junit-4.11.pom
Download https://repo.maven.apache.org/maven2/com/mockrunner/mockrunner-jdbc/1.1.1/mockrunner-jdbc-1.1.1.pom
Download https://repo.maven.apache.org/maven2/com/mockrunner/mockrunner/1.1.1/mockrunner-1.1.1.pom
Download https://repo.maven.apache.org/maven2/org/sonatype/oss/oss-parent/9/oss-parent-9.pom
Download https://repo.maven.apache.org/maven2/org/mockito/mockito-all/1.8.4/mockito-all-1.8.4.pom
Download https://repo.maven.apache.org/maven2/org/hamcrest/hamcrest-core/1.3/hamcrest-core-1.3.pom
Download https://repo.maven.apache.org/maven2/org/hamcrest/hamcrest-parent/1.3/hamcrest-parent-1.3.pom
Download https://repo.maven.apache.org/maven2/com/mockrunner/mockrunner-core/1.1.1/mockrunner-core-1.1.1.pom
Download https://repo.maven.apache.org/maven2/commons-logging/commons-logging/1.0.4/commons-logging-1.0.4.pom
Download https://repo.maven.apache.org/maven2/oro/oro/2.0.8/oro-2.0.8.pom
Download https://repo.maven.apache.org/maven2/nekohtml/nekohtml/0.9.5/nekohtml-0.9.5.pom
Download https://repo.maven.apache.org/maven2/com/kirkk/jaranalyzer/1.2/jaranalyzer-1.2.pom
Download https://repo.maven.apache.org/maven2/bcel/bcel/5.1/bcel-5.1.pom
Download https://repo.maven.apache.org/maven2/ant/ant/1.6.5/ant-1.6.5.pom
Download https://repo.maven.apache.org/maven2/jakarta-regexp/jakarta-regexp/1.4/jakarta-regexp-1.4.pom
Download https://repo.maven.apache.org/maven2/xerces/xerces/2.4.0/xerces-2.4.0.pom
Download https://repo.maven.apache.org/maven2/regexp/regexp/1.2/regexp-1.2.pom
Download https://repo.maven.apache.org/maven2/junit/junit/4.12/junit-4.12.pom
Download https://repo.maven.apache.org/maven2/com/mockrunner/mockrunner-jdbc/1.1.1/mockrunner-jdbc-1.1.1.jar
Download https://repo.maven.apache.org/maven2/junit/junit/4.12/junit-4.12.jar
Download https://repo.maven.apache.org/maven2/org/mockito/mockito-all/1.8.4/mockito-all-1.8.4.jar
Download https://repo.maven.apache.org/maven2/org/jacoco/org.jacoco.agent/0.7.4.201502262128/org.jacoco.agent-0.7.4.201502262128.jar
Download https://repo.maven.apache.org/maven2/org/hamcrest/hamcrest-core/1.3/hamcrest-core-1.3.jar
Download https://repo.maven.apache.org/maven2/nekohtml/nekohtml/0.9.5/nekohtml-0.9.5.jar
Download https://repo.maven.apache.org/maven2/oro/oro/2.0.8/oro-2.0.8.jar
Download https://repo.maven.apache.org/maven2/com/kirkk/jaranalyzer/1.2/jaranalyzer-1.2.jar
Download https://repo.maven.apache.org/maven2/bcel/bcel/5.1/bcel-5.1.jar
Download https://repo.maven.apache.org/maven2/jakarta-regexp/jakarta-regexp/1.4/jakarta-regexp-1.4.jar
Download https://repo.maven.apache.org/maven2/ant/ant/1.6.5/ant-1.6.5.jar
Download https://repo.maven.apache.org/maven2/regexp/regexp/1.2/regexp-1.2.jar
Download https://repo.maven.apache.org/maven2/com/mockrunner/mockrunner-core/1.1.1/mockrunner-core-1.1.1.jar
warning: [options] bootstrap class path not set in conjunction with -source 1.7
1 warning
:api:processTestResources NO-SOURCE
:api:testClasses
:api:test
Download https://repo.maven.apache.org/maven2/org/jacoco/org.jacoco.agent/0.8.0/org.jacoco.agent-0.8.0.pom
Download https://repo.maven.apache.org/maven2/org/jacoco/org.jacoco.build/0.8.0/org.jacoco.build-0.8.0.pom
Download https://repo.maven.apache.org/maven2/org/jacoco/org.jacoco.agent/0.8.0/org.jacoco.agent-0.8.0.jar
Picked up _JAVA_OPTIONS: -XX:+UnlockExperimentalVMOptions -XX:+UseCGroupMemoryLimitForHeap -Dsun.zip.disableMemoryMapping=true -XX:+UseParallelGC -XX:MinHeapFreeRatio=5 -XX:MaxHeapFreeRatio=10 -XX:GCTimeRatio=4 -XX:AdaptiveSizePolicyWeight=90 -Xms10m -Xmx192m
OpenJDK 64-Bit Server VM warning: If the number of processors is expected to increase from one, then you should configure the number of parallel GC threads appropriately using -XX:ParallelGCThreads=N
:api:check
:api:build
:dataaccess:assemble
:dataaccess:test NO-SOURCE
:dataaccess:check UP-TO-DATE
:dataaccess:build
:util:assemble
:util:compileTestJava NO-SOURCE
:util:processTestResources NO-SOURCE
:util:testClasses UP-TO-DATE
:util:test NO-SOURCE
:util:check UP-TO-DATE
:util:build
:web:compileJava NO-SOURCE
:web:processResources NO-SOURCE
:web:classes UP-TO-DATE
:web:createInfoFile
:web:createPom
:web:war
:web:assemble
:web:compileTestJava NO-SOURCE
:web:processTestResources NO-SOURCE
:web:testClasses UP-TO-DATE
:web:test NO-SOURCE
:web:check UP-TO-DATE
:web:build

Deprecated Gradle features were used in this build, making it incompatible with Gradle 5.0.
See https://docs.gradle.org/4.6/userguide/command_line_interface.html#sec:command_line_warnings

BUILD SUCCESSFUL in 1m 7s
16 actionable tasks: 13 executed, 3 up-to-date

Showing logs for build [32mexplore-jenkinsx-roarv2-master-1[0m stage [32mfrom-build-pack[0m and container [32mstep-build-container-build[0m
[36mINFO[0m[0000] Downloading base image openjdk:8-jdk-slim    
2019/11/20 11:37:09 No matching credentials were found, falling back on anonymous
[36mINFO[0m[0000] Error while retrieving image from cache: getting file info: stat /workspace/sha256:2f75fd4d652d8a4730b0e4ebbc9609e019283536e63aab95d30fb7c7f8d444fb: no such file or directory 
[36mINFO[0m[0000] Downloading base image openjdk:8-jdk-slim    
2019/11/20 11:37:09 No matching credentials were found, falling back on anonymous
[36mINFO[0m[0000] cmd: EXPOSE                                  
[36mINFO[0m[0000] Adding exposed port: 8080/tcp                
error building image: error building stage: copy failed: no source files specified
[31m
Pipeline failed on stage 'from-build-pack' : container 'step-build-container-build'. The execution of the pipeline has stopped.[0m
